2020-10-08 10:34:30,307 INFO  [log] FAILED
2020-10-08 10:34:30,632 INFO  [log] FAILED
2020-10-08 10:34:31,350 INFO  [log] number of rows is 3 and number of column is 2
2020-10-08 10:34:31,374 INFO  [log] username is Rohit
2020-10-08 10:34:31,375 INFO  [log] password is welcome1
2020-10-08 10:34:31,376 INFO  [log] username is Raman
2020-10-08 10:34:31,377 INFO  [log] password is welcome2
2020-10-08 10:34:31,950 INFO  [log] rohit
2020-10-08 10:34:31,954 INFO  [log] welcome1
2020-10-08 10:34:31,988 INFO  [log] raman
2020-10-08 10:34:31,991 INFO  [log] welcome2
2020-10-08 10:34:31,999 INFO  [log] test
2020-10-08 10:34:32,002 INFO  [log] welcome3
2020-10-08 10:36:29,219 INFO  [log] User is Rohit
2020-10-08 10:36:29,227 INFO  [log] Proceed to purchase
2020-10-08 10:36:29,734 INFO  [log] FAILED
2020-10-08 10:36:29,989 INFO  [log] FAILED
2020-10-08 10:36:30,674 INFO  [log] number of rows is 3 and number of column is 2
2020-10-08 10:36:30,694 INFO  [log] username is Rohit
2020-10-08 10:36:30,695 INFO  [log] password is welcome1
2020-10-08 10:36:30,696 INFO  [log] username is Raman
2020-10-08 10:36:30,697 INFO  [log] password is welcome2
2020-10-08 10:36:31,334 INFO  [log] rohit
2020-10-08 10:36:31,344 INFO  [log] welcome1
2020-10-08 10:36:31,356 INFO  [log] raman
2020-10-08 10:36:31,358 INFO  [log] welcome2
2020-10-08 10:36:31,362 INFO  [log] test
2020-10-08 10:36:31,364 INFO  [log] welcome3
2020-10-08 10:37:12,204 INFO  [log] User is Rohit
2020-10-08 10:37:12,211 INFO  [log] Proceed to purchase
2020-10-08 10:37:12,498 INFO  [log] FAILED
2020-10-08 10:37:12,595 INFO  [log] FAILED
2020-10-08 10:37:13,159 INFO  [log] number of rows is 3 and number of column is 2
2020-10-08 10:37:13,184 INFO  [log] username is Rohit
2020-10-08 10:37:13,185 INFO  [log] password is welcome1
2020-10-08 10:37:13,188 INFO  [log] username is Raman
2020-10-08 10:37:13,190 INFO  [log] password is welcome2
2020-10-08 10:37:13,628 INFO  [log] rohit
2020-10-08 10:37:13,630 INFO  [log] welcome1
2020-10-08 10:37:13,645 INFO  [log] raman
2020-10-08 10:37:13,647 INFO  [log] welcome2
2020-10-08 10:37:13,653 INFO  [log] test
2020-10-08 10:37:13,655 INFO  [log] welcome3
2020-10-08 10:39:23,057 INFO  [log] FAILED
2020-10-08 10:39:23,278 INFO  [log] FAILED
2020-10-08 10:39:23,885 INFO  [log] number of rows is 3 and number of column is 2
2020-10-08 10:39:23,907 INFO  [log] username is Rohit
2020-10-08 10:39:23,908 INFO  [log] password is welcome1
2020-10-08 10:39:23,910 INFO  [log] username is Raman
2020-10-08 10:39:23,911 INFO  [log] password is welcome2
2020-10-08 10:39:24,426 INFO  [log] rohit
2020-10-08 10:39:24,429 INFO  [log] welcome1
2020-10-08 10:39:24,443 INFO  [log] raman
2020-10-08 10:39:24,455 INFO  [log] welcome2
2020-10-08 10:39:24,485 INFO  [log] test
2020-10-08 10:39:24,492 INFO  [log] welcome3
2020-10-08 10:40:10,806 INFO  [log] User is Rohit
2020-10-08 10:40:10,820 INFO  [log] Proceed to purchase
2020-10-08 10:40:11,020 INFO  [log] FAILED
2020-10-08 10:40:11,150 INFO  [log] FAILED
2020-10-08 10:40:11,743 INFO  [log] number of rows is 3 and number of column is 2
2020-10-08 10:40:11,760 INFO  [log] username is Rohit
2020-10-08 10:40:11,763 INFO  [log] password is welcome1
2020-10-08 10:40:11,764 INFO  [log] username is Raman
2020-10-08 10:40:11,765 INFO  [log] password is welcome2
2020-10-08 10:40:12,270 INFO  [log] rohit
2020-10-08 10:40:12,275 INFO  [log] welcome1
2020-10-08 10:40:12,296 INFO  [log] raman
2020-10-08 10:40:12,298 INFO  [log] welcome2
2020-10-08 10:40:12,309 INFO  [log] test
2020-10-08 10:40:12,310 INFO  [log] welcome3
2020-10-08 10:42:02,624 INFO  [log] FAILED
2020-10-08 10:42:02,780 INFO  [log] FAILED
2020-10-08 10:42:03,426 INFO  [log] number of rows is 3 and number of column is 2
2020-10-08 10:42:03,442 INFO  [log] username is Rohit
2020-10-08 10:42:03,443 INFO  [log] password is welcome1
2020-10-08 10:42:03,444 INFO  [log] username is Raman
2020-10-08 10:42:03,445 INFO  [log] password is welcome2
2020-10-08 10:42:03,867 INFO  [log] rohit
2020-10-08 10:42:03,871 INFO  [log] welcome1
2020-10-08 10:42:03,885 INFO  [log] raman
2020-10-08 10:42:03,887 INFO  [log] welcome2
2020-10-08 10:42:03,893 INFO  [log] test
2020-10-08 10:42:03,895 INFO  [log] welcome3
2020-10-08 10:59:02,937 INFO  [log] FAILED
2020-10-08 10:59:03,077 INFO  [log] FAILED
2020-10-08 10:59:03,734 INFO  [log] number of rows is 3 and number of column is 2
2020-10-08 10:59:03,759 INFO  [log] username is Rohit
2020-10-08 10:59:03,759 INFO  [log] password is welcome1
2020-10-08 10:59:03,760 INFO  [log] username is Raman
2020-10-08 10:59:03,760 INFO  [log] password is welcome2
2020-10-08 10:59:04,259 INFO  [log] rohit
2020-10-08 10:59:04,271 INFO  [log] welcome1
2020-10-08 10:59:04,295 INFO  [log] raman
2020-10-08 10:59:04,298 INFO  [log] welcome2
2020-10-08 10:59:04,316 INFO  [log] test
2020-10-08 10:59:04,320 INFO  [log] welcome3
2020-10-08 11:09:36,165 INFO  [log] FAILED
2020-10-08 11:09:36,350 INFO  [log] FAILED
2020-10-08 11:09:37,012 INFO  [log] number of rows is 3 and number of column is 2
2020-10-08 11:09:37,028 INFO  [log] username is Rohit
2020-10-08 11:09:37,029 INFO  [log] password is welcome1
2020-10-08 11:09:37,029 INFO  [log] username is Raman
2020-10-08 11:09:37,030 INFO  [log] password is welcome2
2020-10-08 11:09:37,465 INFO  [log] rohit
2020-10-08 11:09:37,469 INFO  [log] welcome1
2020-10-08 11:09:37,484 INFO  [log] raman
2020-10-08 11:09:37,486 INFO  [log] welcome2
2020-10-08 11:09:37,498 INFO  [log] test
2020-10-08 11:09:37,502 INFO  [log] welcome3
