2020-10-08 11:09:26,344 WARN  [SoapUI] Missing folder [C:\Users\RohitRaman\Desktop\SDET\Shopping\Shopping\ext] for external libraries
2020-10-08 11:09:26,701 INFO  [DefaultSoapUICore] initialized soapui-settings from [C:\Users\RohitRaman\soapui-settings.xml]
2020-10-08 11:09:28,138 INFO  [PluginManager] Adding plugin from [C:\Users\RohitRaman\.soapuios\plugins\ready-mqtt-plugin-dist.jar]
2020-10-08 11:09:28,140 INFO  [PluginManager] Adding plugin from [C:\Users\RohitRaman\.soapuios\plugins\soapui-swagger-plugin-2.2-dist.jar]
2020-10-08 11:09:29,736 ERROR [SoapUI] An error occurred [com.eviware.soapui.plugins.auto.factories.AutoDiscoveryMethodFactory], see error log for details
2020-10-08 11:09:29,738 ERROR [errorlog] java.lang.ClassNotFoundException: com.eviware.soapui.plugins.auto.factories.AutoDiscoveryMethodFactory
java.lang.ClassNotFoundException: com.eviware.soapui.plugins.auto.factories.AutoDiscoveryMethodFactory
	at org.codehaus.plexus.classworlds.strategy.SelfFirstStrategy.loadClass(SelfFirstStrategy.java:50)
	at org.codehaus.plexus.classworlds.realm.ClassRealm.unsynchronizedLoadClass(ClassRealm.java:271)
	at org.codehaus.plexus.classworlds.realm.ClassRealm.loadClass(ClassRealm.java:247)
	at org.codehaus.plexus.classworlds.realm.ClassRealm.loadClass(ClassRealm.java:239)
	at java.lang.Class.forName0(Native Method)
	at java.lang.Class.forName(Class.java:264)
	at com.eviware.soapui.plugins.LoaderBase.loadAutoFactories(LoaderBase.java:113)
	at com.eviware.soapui.plugins.LoaderBase.loadFactories(LoaderBase.java:80)
	at com.eviware.soapui.plugins.PluginLoader.loadPluginFactories(PluginLoader.java:141)
	at com.eviware.soapui.plugins.PluginLoader.loadPlugin(PluginLoader.java:104)
	at com.eviware.soapui.plugins.PluginLoader.loadPlugin(PluginLoader.java:54)
	at com.eviware.soapui.plugins.PluginManager.doInstallPlugin(PluginManager.java:141)
	at com.eviware.soapui.plugins.PluginManager.access$600(PluginManager.java:43)
	at com.eviware.soapui.plugins.PluginManager$LoadPluginsTask.computeSequentially(PluginManager.java:420)
	at com.eviware.soapui.plugins.PluginManager$LoadPluginsTask.compute(PluginManager.java:377)
	at com.eviware.soapui.plugins.PluginManager$LoadPluginsTask.compute(PluginManager.java:382)
	at com.eviware.soapui.plugins.PluginManager$LoadPluginsTask.compute(PluginManager.java:365)
	at java.util.concurrent.RecursiveTask.exec(RecursiveTask.java:94)
	at java.util.concurrent.ForkJoinTask.doExec(ForkJoinTask.java:289)
	at java.util.concurrent.ForkJoinPool$WorkQueue.runTask(ForkJoinPool.java:1056)
	at java.util.concurrent.ForkJoinPool.runWorker(ForkJoinPool.java:1692)
	at java.util.concurrent.ForkJoinWorkerThread.run(ForkJoinWorkerThread.java:172)
2020-10-08 11:09:29,798 ERROR [SoapUI] An error occurred [com.eviware.soapui.plugins.auto.factories.AutoImportMethodFactory], see error log for details
2020-10-08 11:09:29,798 ERROR [errorlog] java.lang.ClassNotFoundException: com.eviware.soapui.plugins.auto.factories.AutoImportMethodFactory
java.lang.ClassNotFoundException: com.eviware.soapui.plugins.auto.factories.AutoImportMethodFactory
	at org.codehaus.plexus.classworlds.strategy.SelfFirstStrategy.loadClass(SelfFirstStrategy.java:50)
	at org.codehaus.plexus.classworlds.realm.ClassRealm.unsynchronizedLoadClass(ClassRealm.java:271)
	at org.codehaus.plexus.classworlds.realm.ClassRealm.loadClass(ClassRealm.java:247)
	at org.codehaus.plexus.classworlds.realm.ClassRealm.loadClass(ClassRealm.java:239)
	at java.lang.Class.forName0(Native Method)
	at java.lang.Class.forName(Class.java:264)
	at com.eviware.soapui.plugins.LoaderBase.loadAutoFactories(LoaderBase.java:113)
	at com.eviware.soapui.plugins.LoaderBase.loadFactories(LoaderBase.java:80)
	at com.eviware.soapui.plugins.PluginLoader.loadPluginFactories(PluginLoader.java:141)
	at com.eviware.soapui.plugins.PluginLoader.loadPlugin(PluginLoader.java:104)
	at com.eviware.soapui.plugins.PluginLoader.loadPlugin(PluginLoader.java:54)
	at com.eviware.soapui.plugins.PluginManager.doInstallPlugin(PluginManager.java:141)
	at com.eviware.soapui.plugins.PluginManager.access$600(PluginManager.java:43)
	at com.eviware.soapui.plugins.PluginManager$LoadPluginsTask.computeSequentially(PluginManager.java:420)
	at com.eviware.soapui.plugins.PluginManager$LoadPluginsTask.compute(PluginManager.java:377)
	at com.eviware.soapui.plugins.PluginManager$LoadPluginsTask.compute(PluginManager.java:382)
	at com.eviware.soapui.plugins.PluginManager$LoadPluginsTask.compute(PluginManager.java:365)
	at java.util.concurrent.RecursiveTask.exec(RecursiveTask.java:94)
	at java.util.concurrent.ForkJoinTask.doExec(ForkJoinTask.java:289)
	at java.util.concurrent.ForkJoinPool$WorkQueue.runTask(ForkJoinPool.java:1056)
	at java.util.concurrent.ForkJoinPool.runWorker(ForkJoinPool.java:1692)
	at java.util.concurrent.ForkJoinWorkerThread.run(ForkJoinWorkerThread.java:172)
2020-10-08 11:09:29,878 INFO  [PluginManager] Adding plugin from [C:\Users\RohitRaman\.soapuios\plugins\ready-uxm-plugin-1.0.1-dist.jar]
2020-10-08 11:09:30,013 ERROR [SoapUI] An error occurred [com.eviware.soapui.plugins.auto.factories.AutoDiscoveryMethodFactory], see error log for details
2020-10-08 11:09:30,013 ERROR [errorlog] java.lang.ClassNotFoundException: com.eviware.soapui.plugins.auto.factories.AutoDiscoveryMethodFactory
java.lang.ClassNotFoundException: com.eviware.soapui.plugins.auto.factories.AutoDiscoveryMethodFactory
	at org.codehaus.plexus.classworlds.strategy.SelfFirstStrategy.loadClass(SelfFirstStrategy.java:50)
	at org.codehaus.plexus.classworlds.realm.ClassRealm.unsynchronizedLoadClass(ClassRealm.java:271)
	at org.codehaus.plexus.classworlds.realm.ClassRealm.loadClass(ClassRealm.java:247)
	at org.codehaus.plexus.classworlds.realm.ClassRealm.loadClass(ClassRealm.java:239)
	at java.lang.Class.forName0(Native Method)
	at java.lang.Class.forName(Class.java:264)
	at com.eviware.soapui.plugins.LoaderBase.loadAutoFactories(LoaderBase.java:113)
	at com.eviware.soapui.plugins.LoaderBase.loadFactories(LoaderBase.java:80)
	at com.eviware.soapui.plugins.PluginLoader.loadPluginFactories(PluginLoader.java:141)
	at com.eviware.soapui.plugins.PluginLoader.loadPlugin(PluginLoader.java:104)
	at com.eviware.soapui.plugins.PluginLoader.loadPlugin(PluginLoader.java:54)
	at com.eviware.soapui.plugins.PluginManager.doInstallPlugin(PluginManager.java:141)
	at com.eviware.soapui.plugins.PluginManager.access$600(PluginManager.java:43)
	at com.eviware.soapui.plugins.PluginManager$LoadPluginsTask.computeSequentially(PluginManager.java:420)
	at com.eviware.soapui.plugins.PluginManager$LoadPluginsTask.compute(PluginManager.java:377)
	at com.eviware.soapui.plugins.PluginManager$LoadPluginsTask.compute(PluginManager.java:365)
	at java.util.concurrent.RecursiveTask.exec(RecursiveTask.java:94)
	at java.util.concurrent.ForkJoinTask.doExec(ForkJoinTask.java:289)
	at java.util.concurrent.ForkJoinPool$WorkQueue.runTask(ForkJoinPool.java:1056)
	at java.util.concurrent.ForkJoinPool.runWorker(ForkJoinPool.java:1692)
	at java.util.concurrent.ForkJoinWorkerThread.run(ForkJoinWorkerThread.java:172)
2020-10-08 11:09:30,099 ERROR [SoapUI] An error occurred [com.eviware.soapui.plugins.auto.factories.AutoImportMethodFactory], see error log for details
2020-10-08 11:09:30,099 ERROR [errorlog] java.lang.ClassNotFoundException: com.eviware.soapui.plugins.auto.factories.AutoImportMethodFactory
java.lang.ClassNotFoundException: com.eviware.soapui.plugins.auto.factories.AutoImportMethodFactory
	at org.codehaus.plexus.classworlds.strategy.SelfFirstStrategy.loadClass(SelfFirstStrategy.java:50)
	at org.codehaus.plexus.classworlds.realm.ClassRealm.unsynchronizedLoadClass(ClassRealm.java:271)
	at org.codehaus.plexus.classworlds.realm.ClassRealm.loadClass(ClassRealm.java:247)
	at org.codehaus.plexus.classworlds.realm.ClassRealm.loadClass(ClassRealm.java:239)
	at java.lang.Class.forName0(Native Method)
	at java.lang.Class.forName(Class.java:264)
	at com.eviware.soapui.plugins.LoaderBase.loadAutoFactories(LoaderBase.java:113)
	at com.eviware.soapui.plugins.LoaderBase.loadFactories(LoaderBase.java:80)
	at com.eviware.soapui.plugins.PluginLoader.loadPluginFactories(PluginLoader.java:141)
	at com.eviware.soapui.plugins.PluginLoader.loadPlugin(PluginLoader.java:104)
	at com.eviware.soapui.plugins.PluginLoader.loadPlugin(PluginLoader.java:54)
	at com.eviware.soapui.plugins.PluginManager.doInstallPlugin(PluginManager.java:141)
	at com.eviware.soapui.plugins.PluginManager.access$600(PluginManager.java:43)
	at com.eviware.soapui.plugins.PluginManager$LoadPluginsTask.computeSequentially(PluginManager.java:420)
	at com.eviware.soapui.plugins.PluginManager$LoadPluginsTask.compute(PluginManager.java:377)
	at com.eviware.soapui.plugins.PluginManager$LoadPluginsTask.compute(PluginManager.java:365)
	at java.util.concurrent.RecursiveTask.exec(RecursiveTask.java:94)
	at java.util.concurrent.ForkJoinTask.doExec(ForkJoinTask.java:289)
	at java.util.concurrent.ForkJoinPool$WorkQueue.runTask(ForkJoinPool.java:1056)
	at java.util.concurrent.ForkJoinPool.runWorker(ForkJoinPool.java:1692)
	at java.util.concurrent.ForkJoinWorkerThread.run(ForkJoinWorkerThread.java:172)
2020-10-08 11:09:30,208 INFO  [PluginManager] Adding plugin from [C:\Users\RohitRaman\.soapuios\plugins\readyapi-postman-1.0.1.jar]
2020-10-08 11:09:31,107 ERROR [SoapUI] An error occurred [com.eviware.soapui.plugins.auto.factories.AutoDiscoveryMethodFactory], see error log for details
2020-10-08 11:09:31,110 ERROR [errorlog] java.lang.ClassNotFoundException: com.eviware.soapui.plugins.auto.factories.AutoDiscoveryMethodFactory
java.lang.ClassNotFoundException: com.eviware.soapui.plugins.auto.factories.AutoDiscoveryMethodFactory
	at org.codehaus.plexus.classworlds.strategy.SelfFirstStrategy.loadClass(SelfFirstStrategy.java:50)
	at org.codehaus.plexus.classworlds.realm.ClassRealm.unsynchronizedLoadClass(ClassRealm.java:271)
	at org.codehaus.plexus.classworlds.realm.ClassRealm.loadClass(ClassRealm.java:247)
	at org.codehaus.plexus.classworlds.realm.ClassRealm.loadClass(ClassRealm.java:239)
	at java.lang.Class.forName0(Native Method)
	at java.lang.Class.forName(Class.java:264)
	at com.eviware.soapui.plugins.LoaderBase.loadAutoFactories(LoaderBase.java:113)
	at com.eviware.soapui.plugins.LoaderBase.loadFactories(LoaderBase.java:80)
	at com.eviware.soapui.plugins.PluginLoader.loadPluginFactories(PluginLoader.java:141)
	at com.eviware.soapui.plugins.PluginLoader.loadPlugin(PluginLoader.java:104)
	at com.eviware.soapui.plugins.PluginLoader.loadPlugin(PluginLoader.java:54)
	at com.eviware.soapui.plugins.PluginManager.doInstallPlugin(PluginManager.java:141)
	at com.eviware.soapui.plugins.PluginManager.access$600(PluginManager.java:43)
	at com.eviware.soapui.plugins.PluginManager$LoadPluginsTask.computeSequentially(PluginManager.java:420)
	at com.eviware.soapui.plugins.PluginManager$LoadPluginsTask.compute(PluginManager.java:377)
	at com.eviware.soapui.plugins.PluginManager$LoadPluginsTask.compute(PluginManager.java:365)
	at java.util.concurrent.RecursiveTask.exec(RecursiveTask.java:94)
	at java.util.concurrent.ForkJoinTask.doExec(ForkJoinTask.java:289)
	at java.util.concurrent.ForkJoinPool$WorkQueue.runTask(ForkJoinPool.java:1056)
	at java.util.concurrent.ForkJoinPool.runWorker(ForkJoinPool.java:1692)
	at java.util.concurrent.ForkJoinWorkerThread.run(ForkJoinWorkerThread.java:172)
2020-10-08 11:09:31,110 ERROR [SoapUI] An error occurred [com.eviware.soapui.plugins.auto.factories.AutoDiscoveryMethodFactory], see error log for details
2020-10-08 11:09:31,110 ERROR [errorlog] java.lang.ClassNotFoundException: com.eviware.soapui.plugins.auto.factories.AutoDiscoveryMethodFactory
java.lang.ClassNotFoundException: com.eviware.soapui.plugins.auto.factories.AutoDiscoveryMethodFactory
	at org.codehaus.plexus.classworlds.strategy.SelfFirstStrategy.loadClass(SelfFirstStrategy.java:50)
	at org.codehaus.plexus.classworlds.realm.ClassRealm.unsynchronizedLoadClass(ClassRealm.java:271)
	at org.codehaus.plexus.classworlds.realm.ClassRealm.loadClass(ClassRealm.java:247)
	at org.codehaus.plexus.classworlds.realm.ClassRealm.loadClass(ClassRealm.java:239)
	at java.lang.Class.forName0(Native Method)
	at java.lang.Class.forName(Class.java:264)
	at com.eviware.soapui.plugins.LoaderBase.loadAutoFactories(LoaderBase.java:113)
	at com.eviware.soapui.plugins.LoaderBase.loadFactories(LoaderBase.java:80)
	at com.eviware.soapui.plugins.PluginLoader.loadPluginFactories(PluginLoader.java:141)
	at com.eviware.soapui.plugins.PluginLoader.loadPlugin(PluginLoader.java:104)
	at com.eviware.soapui.plugins.PluginLoader.loadPlugin(PluginLoader.java:54)
	at com.eviware.soapui.plugins.PluginManager.doInstallPlugin(PluginManager.java:141)
	at com.eviware.soapui.plugins.PluginManager.access$600(PluginManager.java:43)
	at com.eviware.soapui.plugins.PluginManager$LoadPluginsTask.computeSequentially(PluginManager.java:420)
	at com.eviware.soapui.plugins.PluginManager$LoadPluginsTask.compute(PluginManager.java:377)
	at com.eviware.soapui.plugins.PluginManager$LoadPluginsTask.compute(PluginManager.java:382)
	at com.eviware.soapui.plugins.PluginManager$LoadPluginsTask.compute(PluginManager.java:365)
	at java.util.concurrent.RecursiveTask.exec(RecursiveTask.java:94)
	at java.util.concurrent.ForkJoinTask.doExec(ForkJoinTask.java:289)
	at java.util.concurrent.ForkJoinPool$WorkQueue.runTask(ForkJoinPool.java:1056)
	at java.util.concurrent.ForkJoinPool.runWorker(ForkJoinPool.java:1692)
	at java.util.concurrent.ForkJoinWorkerThread.run(ForkJoinWorkerThread.java:172)
2020-10-08 11:09:31,170 ERROR [SoapUI] An error occurred [com.eviware.soapui.plugins.auto.factories.AutoImportMethodFactory], see error log for details
2020-10-08 11:09:31,171 ERROR [errorlog] java.lang.ClassNotFoundException: com.eviware.soapui.plugins.auto.factories.AutoImportMethodFactory
java.lang.ClassNotFoundException: com.eviware.soapui.plugins.auto.factories.AutoImportMethodFactory
	at org.codehaus.plexus.classworlds.strategy.SelfFirstStrategy.loadClass(SelfFirstStrategy.java:50)
	at org.codehaus.plexus.classworlds.realm.ClassRealm.unsynchronizedLoadClass(ClassRealm.java:271)
	at org.codehaus.plexus.classworlds.realm.ClassRealm.loadClass(ClassRealm.java:247)
	at org.codehaus.plexus.classworlds.realm.ClassRealm.loadClass(ClassRealm.java:239)
	at java.lang.Class.forName0(Native Method)
	at java.lang.Class.forName(Class.java:264)
	at com.eviware.soapui.plugins.LoaderBase.loadAutoFactories(LoaderBase.java:113)
	at com.eviware.soapui.plugins.LoaderBase.loadFactories(LoaderBase.java:80)
	at com.eviware.soapui.plugins.PluginLoader.loadPluginFactories(PluginLoader.java:141)
	at com.eviware.soapui.plugins.PluginLoader.loadPlugin(PluginLoader.java:104)
	at com.eviware.soapui.plugins.PluginLoader.loadPlugin(PluginLoader.java:54)
	at com.eviware.soapui.plugins.PluginManager.doInstallPlugin(PluginManager.java:141)
	at com.eviware.soapui.plugins.PluginManager.access$600(PluginManager.java:43)
	at com.eviware.soapui.plugins.PluginManager$LoadPluginsTask.computeSequentially(PluginManager.java:420)
	at com.eviware.soapui.plugins.PluginManager$LoadPluginsTask.compute(PluginManager.java:377)
	at com.eviware.soapui.plugins.PluginManager$LoadPluginsTask.compute(PluginManager.java:365)
	at java.util.concurrent.RecursiveTask.exec(RecursiveTask.java:94)
	at java.util.concurrent.ForkJoinTask.doExec(ForkJoinTask.java:289)
	at java.util.concurrent.ForkJoinPool$WorkQueue.runTask(ForkJoinPool.java:1056)
	at java.util.concurrent.ForkJoinPool.runWorker(ForkJoinPool.java:1692)
	at java.util.concurrent.ForkJoinWorkerThread.run(ForkJoinWorkerThread.java:172)
2020-10-08 11:09:31,227 ERROR [SoapUI] An error occurred [com.eviware.soapui.plugins.auto.factories.AutoImportMethodFactory], see error log for details
2020-10-08 11:09:31,227 ERROR [errorlog] java.lang.ClassNotFoundException: com.eviware.soapui.plugins.auto.factories.AutoImportMethodFactory
java.lang.ClassNotFoundException: com.eviware.soapui.plugins.auto.factories.AutoImportMethodFactory
	at org.codehaus.plexus.classworlds.strategy.SelfFirstStrategy.loadClass(SelfFirstStrategy.java:50)
	at org.codehaus.plexus.classworlds.realm.ClassRealm.unsynchronizedLoadClass(ClassRealm.java:271)
	at org.codehaus.plexus.classworlds.realm.ClassRealm.loadClass(ClassRealm.java:247)
	at org.codehaus.plexus.classworlds.realm.ClassRealm.loadClass(ClassRealm.java:239)
	at java.lang.Class.forName0(Native Method)
	at java.lang.Class.forName(Class.java:264)
	at com.eviware.soapui.plugins.LoaderBase.loadAutoFactories(LoaderBase.java:113)
	at com.eviware.soapui.plugins.LoaderBase.loadFactories(LoaderBase.java:80)
	at com.eviware.soapui.plugins.PluginLoader.loadPluginFactories(PluginLoader.java:141)
	at com.eviware.soapui.plugins.PluginLoader.loadPlugin(PluginLoader.java:104)
	at com.eviware.soapui.plugins.PluginLoader.loadPlugin(PluginLoader.java:54)
	at com.eviware.soapui.plugins.PluginManager.doInstallPlugin(PluginManager.java:141)
	at com.eviware.soapui.plugins.PluginManager.access$600(PluginManager.java:43)
	at com.eviware.soapui.plugins.PluginManager$LoadPluginsTask.computeSequentially(PluginManager.java:420)
	at com.eviware.soapui.plugins.PluginManager$LoadPluginsTask.compute(PluginManager.java:377)
	at com.eviware.soapui.plugins.PluginManager$LoadPluginsTask.compute(PluginManager.java:382)
	at com.eviware.soapui.plugins.PluginManager$LoadPluginsTask.compute(PluginManager.java:365)
	at java.util.concurrent.RecursiveTask.exec(RecursiveTask.java:94)
	at java.util.concurrent.ForkJoinTask.doExec(ForkJoinTask.java:289)
	at java.util.concurrent.ForkJoinPool$WorkQueue.runTask(ForkJoinPool.java:1056)
	at java.util.concurrent.ForkJoinPool.runWorker(ForkJoinPool.java:1692)
	at java.util.concurrent.ForkJoinWorkerThread.run(ForkJoinWorkerThread.java:172)
2020-10-08 11:09:31,328 INFO  [PluginManager] Adding plugin from [C:\Users\RohitRaman\.soapuios\plugins\readyapi-swaggerhub-plugin-1.0.jar]
2020-10-08 11:09:31,695 ERROR [SoapUI] An error occurred [com.eviware.soapui.plugins.auto.factories.AutoDiscoveryMethodFactory], see error log for details
2020-10-08 11:09:31,695 ERROR [errorlog] java.lang.ClassNotFoundException: com.eviware.soapui.plugins.auto.factories.AutoDiscoveryMethodFactory
java.lang.ClassNotFoundException: com.eviware.soapui.plugins.auto.factories.AutoDiscoveryMethodFactory
	at org.codehaus.plexus.classworlds.strategy.SelfFirstStrategy.loadClass(SelfFirstStrategy.java:50)
	at org.codehaus.plexus.classworlds.realm.ClassRealm.unsynchronizedLoadClass(ClassRealm.java:271)
	at org.codehaus.plexus.classworlds.realm.ClassRealm.loadClass(ClassRealm.java:247)
	at org.codehaus.plexus.classworlds.realm.ClassRealm.loadClass(ClassRealm.java:239)
	at java.lang.Class.forName0(Native Method)
	at java.lang.Class.forName(Class.java:264)
	at com.eviware.soapui.plugins.LoaderBase.loadAutoFactories(LoaderBase.java:113)
	at com.eviware.soapui.plugins.LoaderBase.loadFactories(LoaderBase.java:80)
	at com.eviware.soapui.plugins.PluginLoader.loadPluginFactories(PluginLoader.java:141)
	at com.eviware.soapui.plugins.PluginLoader.loadPlugin(PluginLoader.java:104)
	at com.eviware.soapui.plugins.PluginLoader.loadPlugin(PluginLoader.java:54)
	at com.eviware.soapui.plugins.PluginManager.doInstallPlugin(PluginManager.java:141)
	at com.eviware.soapui.plugins.PluginManager.access$600(PluginManager.java:43)
	at com.eviware.soapui.plugins.PluginManager$LoadPluginsTask.computeSequentially(PluginManager.java:420)
	at com.eviware.soapui.plugins.PluginManager$LoadPluginsTask.compute(PluginManager.java:377)
	at com.eviware.soapui.plugins.PluginManager$LoadPluginsTask.compute(PluginManager.java:382)
	at com.eviware.soapui.plugins.PluginManager$LoadPluginsTask.compute(PluginManager.java:365)
	at java.util.concurrent.RecursiveTask.exec(RecursiveTask.java:94)
	at java.util.concurrent.ForkJoinTask.doExec(ForkJoinTask.java:289)
	at java.util.concurrent.ForkJoinPool$WorkQueue.runTask(ForkJoinPool.java:1056)
	at java.util.concurrent.ForkJoinPool.runWorker(ForkJoinPool.java:1692)
	at java.util.concurrent.ForkJoinWorkerThread.run(ForkJoinWorkerThread.java:172)
2020-10-08 11:09:31,762 ERROR [SoapUI] An error occurred [com.eviware.soapui.plugins.auto.factories.AutoImportMethodFactory], see error log for details
2020-10-08 11:09:31,763 ERROR [errorlog] java.lang.ClassNotFoundException: com.eviware.soapui.plugins.auto.factories.AutoImportMethodFactory
java.lang.ClassNotFoundException: com.eviware.soapui.plugins.auto.factories.AutoImportMethodFactory
	at org.codehaus.plexus.classworlds.strategy.SelfFirstStrategy.loadClass(SelfFirstStrategy.java:50)
	at org.codehaus.plexus.classworlds.realm.ClassRealm.unsynchronizedLoadClass(ClassRealm.java:271)
	at org.codehaus.plexus.classworlds.realm.ClassRealm.loadClass(ClassRealm.java:247)
	at org.codehaus.plexus.classworlds.realm.ClassRealm.loadClass(ClassRealm.java:239)
	at java.lang.Class.forName0(Native Method)
	at java.lang.Class.forName(Class.java:264)
	at com.eviware.soapui.plugins.LoaderBase.loadAutoFactories(LoaderBase.java:113)
	at com.eviware.soapui.plugins.LoaderBase.loadFactories(LoaderBase.java:80)
	at com.eviware.soapui.plugins.PluginLoader.loadPluginFactories(PluginLoader.java:141)
	at com.eviware.soapui.plugins.PluginLoader.loadPlugin(PluginLoader.java:104)
	at com.eviware.soapui.plugins.PluginLoader.loadPlugin(PluginLoader.java:54)
	at com.eviware.soapui.plugins.PluginManager.doInstallPlugin(PluginManager.java:141)
	at com.eviware.soapui.plugins.PluginManager.access$600(PluginManager.java:43)
	at com.eviware.soapui.plugins.PluginManager$LoadPluginsTask.computeSequentially(PluginManager.java:420)
	at com.eviware.soapui.plugins.PluginManager$LoadPluginsTask.compute(PluginManager.java:377)
	at com.eviware.soapui.plugins.PluginManager$LoadPluginsTask.compute(PluginManager.java:382)
	at com.eviware.soapui.plugins.PluginManager$LoadPluginsTask.compute(PluginManager.java:365)
	at java.util.concurrent.RecursiveTask.exec(RecursiveTask.java:94)
	at java.util.concurrent.ForkJoinTask.doExec(ForkJoinTask.java:289)
	at java.util.concurrent.ForkJoinPool$WorkQueue.runTask(ForkJoinPool.java:1056)
	at java.util.concurrent.ForkJoinPool.runWorker(ForkJoinPool.java:1692)
	at java.util.concurrent.ForkJoinWorkerThread.run(ForkJoinWorkerThread.java:172)
2020-10-08 11:09:31,845 INFO  [PluginManager] 5 plugins loaded in 3691 ms
2020-10-08 11:09:31,845 INFO  [DefaultSoapUICore] All plugins loaded
2020-10-08 11:09:33,385 INFO  [WsdlProject] Loaded project from [file:/C:/Users/RohitRaman/Desktop/SDET/Shopping/Shopping/ShoppingService2-soapui-project.xml]
2020-10-08 11:09:33,388 INFO  [SoapUITestCaseRunner] Running SoapUI tests in project [ShoppingService2]
2020-10-08 11:09:33,390 INFO  [SoapUITestCaseRunner] Running Project [ShoppingService2], runType = SEQUENTIAL
2020-10-08 11:09:33,401 INFO  [SoapUITestCaseRunner] Running SoapUI testcase [find TestCase]
2020-10-08 11:09:33,429 INFO  [SoapUITestCaseRunner] running step [find]
2020-10-08 11:09:33,679 INFO  [SoapUITestCaseRunner] Finished running SoapUI testcase [find TestCase], time taken: 241ms, status: FINISHED
2020-10-08 11:09:33,684 INFO  [SoapUITestCaseRunner] Running SoapUI testcase [login TestCase]
2020-10-08 11:09:33,686 INFO  [SoapUITestCaseRunner] running step [login]
2020-10-08 11:09:34,120 INFO  [SoapUITestCaseRunner] Assertion [Not SOAP Fault] has status FAILED
2020-10-08 11:09:34,121 ERROR [SoapUITestCaseRunner] ASSERTION FAILED -> Response is a SOAP Fault
2020-10-08 11:09:34,124 ERROR [SoapUITestCaseRunner] login failed, exporting to [C:\Users\RohitRaman\Desktop\SDET\Shopping\Shopping\target/surefire-reports\ShoppingServiceSoapBinding_TestSuite-login_TestCase-login-0-FAILED.txt]
2020-10-08 11:09:34,141 INFO  [SoapUITestCaseRunner] Finished running SoapUI testcase [login TestCase], time taken: 431ms, status: FAILED
2020-10-08 11:09:34,159 INFO  [SoapUITestCaseRunner] Running SoapUI testcase [logout TestCase]
2020-10-08 11:09:34,160 INFO  [SoapUITestCaseRunner] running step [logout]
2020-10-08 11:09:34,207 INFO  [SoapUITestCaseRunner] Assertion [Not SOAP Fault] has status FAILED
2020-10-08 11:09:34,207 ERROR [SoapUITestCaseRunner] ASSERTION FAILED -> Response is a SOAP Fault
2020-10-08 11:09:34,208 ERROR [SoapUITestCaseRunner] logout failed, exporting to [C:\Users\RohitRaman\Desktop\SDET\Shopping\Shopping\target/surefire-reports\ShoppingServiceSoapBinding_TestSuite-logout_TestCase-logout-0-FAILED.txt]
2020-10-08 11:09:34,212 INFO  [SoapUITestCaseRunner] Finished running SoapUI testcase [logout TestCase], time taken: 45ms, status: FAILED
2020-10-08 11:09:34,222 INFO  [SoapUITestCaseRunner] Running SoapUI testcase [purchase TestCase]
2020-10-08 11:09:34,223 INFO  [SoapUITestCaseRunner] running step [purchase]
2020-10-08 11:09:34,247 INFO  [SoapUITestCaseRunner] Finished running SoapUI testcase [purchase TestCase], time taken: 22ms, status: FINISHED
2020-10-08 11:09:34,257 INFO  [SoapUITestCaseRunner] Running SoapUI testcase [Login and logout]
2020-10-08 11:09:34,270 INFO  [SoapUITestCaseRunner] running step [username and password]
2020-10-08 11:09:34,319 INFO  [SoapUITestCaseRunner] running step [username and password property]
2020-10-08 11:09:34,344 INFO  [SoapUITestCaseRunner] running step [Call Login]
2020-10-08 11:09:34,493 INFO  [SchemaUtils] Added default schema from file:/C:/Users/RohitRaman/.m2/repository/com/smartbear/soapui/soapui/5.5.0/soapui-5.5.0.jar!/com/eviware/soapui/resources/xsds/xop.xsd with targetNamespace http://www.w3.org/2004/08/xop/include
2020-10-08 11:09:34,530 INFO  [SchemaUtils] Added default schema from file:/C:/Users/RohitRaman/.m2/repository/com/smartbear/soapui/soapui/5.5.0/soapui-5.5.0.jar!/com/eviware/soapui/resources/xsds/XMLSchema.xsd with targetNamespace http://www.w3.org/2001/XMLSchema
2020-10-08 11:09:34,533 INFO  [SchemaUtils] Added default schema from file:/C:/Users/RohitRaman/.m2/repository/com/smartbear/soapui/soapui/5.5.0/soapui-5.5.0.jar!/com/eviware/soapui/resources/xsds/xml.xsd with targetNamespace http://www.w3.org/XML/1998/namespace
2020-10-08 11:09:34,537 INFO  [SchemaUtils] Added default schema from file:/C:/Users/RohitRaman/.m2/repository/com/smartbear/soapui/soapui/5.5.0/soapui-5.5.0.jar!/com/eviware/soapui/resources/xsds/swaref.xsd with targetNamespace http://ws-i.org/profiles/basic/1.1/xsd
2020-10-08 11:09:34,540 INFO  [SchemaUtils] Added default schema from file:/C:/Users/RohitRaman/.m2/repository/com/smartbear/soapui/soapui/5.5.0/soapui-5.5.0.jar!/com/eviware/soapui/resources/xsds/xmime200505.xsd with targetNamespace http://www.w3.org/2005/05/xmlmime
2020-10-08 11:09:34,547 INFO  [SchemaUtils] Added default schema from file:/C:/Users/RohitRaman/.m2/repository/com/smartbear/soapui/soapui/5.5.0/soapui-5.5.0.jar!/com/eviware/soapui/resources/xsds/xmime200411.xsd with targetNamespace http://www.w3.org/2004/11/xmlmime
2020-10-08 11:09:34,556 INFO  [SchemaUtils] Added default schema from file:/C:/Users/RohitRaman/.m2/repository/com/smartbear/soapui/soapui/5.5.0/soapui-5.5.0.jar!/com/eviware/soapui/resources/xsds/soapEnvelope.xsd with targetNamespace http://schemas.xmlsoap.org/soap/envelope/
2020-10-08 11:09:34,561 INFO  [SchemaUtils] Added default schema from file:/C:/Users/RohitRaman/.m2/repository/com/smartbear/soapui/soapui/5.5.0/soapui-5.5.0.jar!/com/eviware/soapui/resources/xsds/soapEncoding.xsd with targetNamespace http://schemas.xmlsoap.org/soap/encoding/
2020-10-08 11:09:34,564 INFO  [SchemaUtils] Added default schema from file:/C:/Users/RohitRaman/.m2/repository/com/smartbear/soapui/soapui/5.5.0/soapui-5.5.0.jar!/com/eviware/soapui/resources/xsds/soapEnvelope12.xsd with targetNamespace http://www.w3.org/2003/05/soap-envelope
2020-10-08 11:09:34,567 INFO  [SchemaUtils] Added default schema from file:/C:/Users/RohitRaman/.m2/repository/com/smartbear/soapui/soapui/5.5.0/soapui-5.5.0.jar!/com/eviware/soapui/resources/xsds/soapEncoding12.xsd with targetNamespace http://www.w3.org/2003/05/soap-encoding
2020-10-08 11:09:34,569 INFO  [SchemaUtils] Loading schema types from [file:\C:\Users\RohitRaman\Desktop\SDET\SOAP\ShoppingService.wsdl]
2020-10-08 11:09:34,569 INFO  [SchemaUtils] Getting schema file:\C:\Users\RohitRaman\Desktop\SDET\SOAP\ShoppingService.wsdl
2020-10-08 11:09:34,586 INFO  [SchemaUtils] Getting schema file:\C:\Users\RohitRaman\Desktop\SDET\SOAP\ShoppingService.xsd
2020-10-08 11:09:34,864 INFO  [SoapUITestCaseRunner] Assertion [SOAP Response] has status VALID
2020-10-08 11:09:34,873 INFO  [SoapUITestCaseRunner] Assertion [Schema Compliance] has status VALID
2020-10-08 11:09:34,873 INFO  [SoapUITestCaseRunner] Assertion [Not SOAP Fault] has status FAILED
2020-10-08 11:09:34,874 ERROR [SoapUITestCaseRunner] ASSERTION FAILED -> Response is a SOAP Fault
2020-10-08 11:09:34,874 ERROR [SoapUITestCaseRunner] Call Login failed, exporting to [C:\Users\RohitRaman\Desktop\SDET\Shopping\Shopping\target/surefire-reports\Functional_Test-Login_and_logout-Call_Login-0-FAILED.txt]
2020-10-08 11:09:34,879 INFO  [SoapUITestCaseRunner] Finished running SoapUI testcase [Login and logout], time taken: 590ms, status: FAILED
2020-10-08 11:09:34,886 INFO  [SoapUITestCaseRunner] Running SoapUI testcase [Without Property transfer]
2020-10-08 11:09:34,889 INFO  [SoapUITestCaseRunner] running step [username and password]
2020-10-08 11:09:34,891 INFO  [SoapUITestCaseRunner] running step [Call Login]
2020-10-08 11:09:35,754 INFO  [SoapUITestCaseRunner] Assertion [SOAP Response] has status VALID
2020-10-08 11:09:35,754 INFO  [SoapUITestCaseRunner] Assertion [Schema Compliance] has status VALID
2020-10-08 11:09:35,755 INFO  [SoapUITestCaseRunner] Assertion [Not SOAP Fault] has status FAILED
2020-10-08 11:09:35,756 ERROR [SoapUITestCaseRunner] ASSERTION FAILED -> Response is a SOAP Fault
2020-10-08 11:09:35,756 INFO  [SoapUITestCaseRunner] Assertion [Script Assertion] has status FAILED
2020-10-08 11:09:35,756 ERROR [SoapUITestCaseRunner] ASSERTION FAILED -> Cannot invoke method getPropertyValue() on null object
2020-10-08 11:09:35,757 ERROR [SoapUITestCaseRunner] Call Login failed, exporting to [C:\Users\RohitRaman\Desktop\SDET\Shopping\Shopping\target/surefire-reports\Functional_Test-Without_Property_transfer-Call_Login-0-FAILED.txt]
2020-10-08 11:09:35,761 INFO  [SoapUITestCaseRunner] Finished running SoapUI testcase [Without Property transfer], time taken: 862ms, status: FAILED
2020-10-08 11:09:35,769 INFO  [SoapUITestCaseRunner] Running SoapUI testcase [With script]
2020-10-08 11:09:35,769 INFO  [SoapUITestCaseRunner] running step [username and password]
2020-10-08 11:09:35,770 INFO  [SoapUITestCaseRunner] running step [Call Login]
2020-10-08 11:09:35,883 INFO  [SoapUITestCaseRunner] Assertion [SOAP Response] has status VALID
2020-10-08 11:09:35,886 INFO  [SoapUITestCaseRunner] Assertion [Schema Compliance] has status VALID
2020-10-08 11:09:35,886 INFO  [SoapUITestCaseRunner] Assertion [Not SOAP Fault] has status FAILED
2020-10-08 11:09:35,887 ERROR [SoapUITestCaseRunner] ASSERTION FAILED -> Response is a SOAP Fault
2020-10-08 11:09:35,887 INFO  [SoapUITestCaseRunner] Assertion [Script Assertion] has status VALID
2020-10-08 11:09:35,889 ERROR [SoapUITestCaseRunner] Call Login failed, exporting to [C:\Users\RohitRaman\Desktop\SDET\Shopping\Shopping\target/surefire-reports\Functional_Test-With_script-Call_Login-0-FAILED.txt]
2020-10-08 11:09:35,911 INFO  [SoapUITestCaseRunner] Finished running SoapUI testcase [With script], time taken: 113ms, status: FAILED
2020-10-08 11:09:35,917 INFO  [SoapUITestCaseRunner] Running SoapUI testcase [Purchase or not to purchase]
2020-10-08 11:09:35,918 INFO  [SoapUITestCaseRunner] running step [username and password]
2020-10-08 11:09:35,919 INFO  [SoapUITestCaseRunner] running step [Call Login]
2020-10-08 11:09:35,948 INFO  [SoapUITestCaseRunner] Assertion [SOAP Response] has status VALID
2020-10-08 11:09:35,948 INFO  [SoapUITestCaseRunner] Assertion [Schema Compliance] has status VALID
2020-10-08 11:09:35,949 INFO  [SoapUITestCaseRunner] Assertion [Not SOAP Fault] has status FAILED
2020-10-08 11:09:35,949 ERROR [SoapUITestCaseRunner] ASSERTION FAILED -> Response is a SOAP Fault
2020-10-08 11:09:35,949 ERROR [SoapUITestCaseRunner] Call Login failed, exporting to [C:\Users\RohitRaman\Desktop\SDET\Shopping\Shopping\target/surefire-reports\Functional_Test-Purchase_or_not_to_purchase-Call_Login-0-FAILED.txt]
2020-10-08 11:09:35,953 INFO  [SoapUITestCaseRunner] Finished running SoapUI testcase [Purchase or not to purchase], time taken: 27ms, status: FAILED
2020-10-08 11:09:35,956 INFO  [SoapUITestCaseRunner] Running SoapUI testcase [System Test]
2020-10-08 11:09:35,956 INFO  [SoapUITestCaseRunner] running step [System Test]
2020-10-08 11:09:36,061 INFO  [SoapUITestCaseRunner] Running SoapUI testcase [Purchase or not to purchase]
2020-10-08 11:09:36,064 INFO  [SoapUITestCaseRunner] running step [username and password]
2020-10-08 11:09:36,069 INFO  [SoapUITestCaseRunner] running step [Call Login]
2020-10-08 11:09:36,126 INFO  [SoapUITestCaseRunner] Assertion [SOAP Response] has status VALID
2020-10-08 11:09:36,128 INFO  [SoapUITestCaseRunner] Assertion [Schema Compliance] has status VALID
2020-10-08 11:09:36,128 INFO  [SoapUITestCaseRunner] Assertion [Not SOAP Fault] has status FAILED
2020-10-08 11:09:36,129 ERROR [SoapUITestCaseRunner] ASSERTION FAILED -> Response is a SOAP Fault
2020-10-08 11:09:36,129 ERROR [SoapUITestCaseRunner] Call Login failed, exporting to [C:\Users\RohitRaman\Desktop\SDET\Shopping\Shopping\target/surefire-reports\Functional_Test-Purchase_or_not_to_purchase-Call_Login-0-FAILED.txt]
2020-10-08 11:09:36,132 INFO  [SoapUITestCaseRunner] Finished running SoapUI testcase [Purchase or not to purchase], time taken: 56ms, status: FAILED
2020-10-08 11:09:36,165 INFO  [log] FAILED
2020-10-08 11:09:36,166 INFO  [SoapUITestCaseRunner] Finished running SoapUI testcase [System Test], time taken: 208ms, status: FINISHED
2020-10-08 11:09:36,173 INFO  [SoapUITestCaseRunner] Running SoapUI testcase [System Test]
2020-10-08 11:09:36,176 INFO  [SoapUITestCaseRunner] running step [System Test]
2020-10-08 11:09:36,298 INFO  [SoapUITestCaseRunner] Running SoapUI testcase [Purchase or not to purchase]
2020-10-08 11:09:36,303 INFO  [SoapUITestCaseRunner] running step [username and password]
2020-10-08 11:09:36,304 INFO  [SoapUITestCaseRunner] running step [Call Login]
2020-10-08 11:09:36,333 INFO  [SoapUITestCaseRunner] Assertion [SOAP Response] has status VALID
2020-10-08 11:09:36,343 INFO  [SoapUITestCaseRunner] Assertion [Schema Compliance] has status VALID
2020-10-08 11:09:36,344 INFO  [SoapUITestCaseRunner] Assertion [Not SOAP Fault] has status FAILED
2020-10-08 11:09:36,344 ERROR [SoapUITestCaseRunner] ASSERTION FAILED -> Response is a SOAP Fault
2020-10-08 11:09:36,346 ERROR [SoapUITestCaseRunner] Call Login failed, exporting to [C:\Users\RohitRaman\Desktop\SDET\Shopping\Shopping\target/surefire-reports\Functional_Test-Purchase_or_not_to_purchase-Call_Login-0-FAILED.txt]
2020-10-08 11:09:36,350 INFO  [SoapUITestCaseRunner] Finished running SoapUI testcase [Purchase or not to purchase], time taken: 28ms, status: FAILED
2020-10-08 11:09:36,350 INFO  [log] FAILED
2020-10-08 11:09:36,354 INFO  [SoapUITestCaseRunner] Finished running SoapUI testcase [System Test], time taken: 170ms, status: FINISHED
2020-10-08 11:09:36,367 INFO  [SoapUITestCaseRunner] Running SoapUI testcase [Data Driven]
2020-10-08 11:09:36,377 INFO  [SoapUITestCaseRunner] running step [Data Test]
2020-10-08 11:09:37,012 INFO  [log] number of rows is 3 and number of column is 2
2020-10-08 11:09:37,028 INFO  [log] username is Rohit
2020-10-08 11:09:37,029 INFO  [log] password is welcome1
2020-10-08 11:09:37,029 INFO  [log] username is Raman
2020-10-08 11:09:37,030 INFO  [log] password is welcome2
2020-10-08 11:09:37,032 INFO  [SoapUITestCaseRunner] Finished running SoapUI testcase [Data Driven], time taken: 642ms, status: FINISHED
2020-10-08 11:09:37,033 INFO  [SoapUITestCaseRunner] Running SoapUI testcase [Database]
2020-10-08 11:09:37,038 INFO  [SoapUITestCaseRunner] running step [JDBC Request]
2020-10-08 11:09:37,421 INFO  [SoapUITestCaseRunner] running step [Database]
2020-10-08 11:09:37,465 INFO  [log] rohit
2020-10-08 11:09:37,469 INFO  [log] welcome1
2020-10-08 11:09:37,484 INFO  [log] raman
2020-10-08 11:09:37,486 INFO  [log] welcome2
2020-10-08 11:09:37,498 INFO  [log] test
2020-10-08 11:09:37,502 INFO  [log] welcome3
2020-10-08 11:09:37,509 INFO  [SoapUITestCaseRunner] running step [username and password]
2020-10-08 11:09:37,510 INFO  [SoapUITestCaseRunner] Finished running SoapUI testcase [Database], time taken: 468ms, status: FINISHED
2020-10-08 11:09:37,512 INFO  [SoapUITestCaseRunner] Project [ShoppingService2] finished with status [FAILED] in 4119ms
2020-10-08 11:09:39,037 WARN  [Tools] Could not delete temporary directory C:\Users\ROHITR~1\AppData\Local\Temp\648da7a8-2cae-43a0-927c-75447d6fb397
2020-10-08 11:09:39,043 WARN  [Tools] Could not delete temporary directory C:\Users\ROHITR~1\AppData\Local\Temp\011c0f35-95ea-40f5-a112-90287c318d66
